Deliverable 4/Snapshots/Deliverable_4_Good_Snapshot/testproject/app/build/intermediates/manifest_merge_blame_file/debug/manifest-merger-blame-debug-report.txt
1<?xml version="1.0" encoding="utf-8"?>
2<manifest xmlns:android="http://schemas.android.com/apk/res/android"
3    package="com.example.testproject"
4    android:versionCode="1"
5    android:versionName="1.0" >
6
7    <uses-sdk
8        android:minSdkVersion="16"
8-->src\main\AndroidManifest.xml
9        android:targetSdkVersion="30" />
9-->src\main\AndroidManifest.xml
10
11    <uses-permission android:name="android.permission.INTERNET" />
11-->src\main\AndroidManifest.xml:5:5-67
11-->src\main\AndroidManifest.xml:5:22-64
12    <uses-permission android:name="android.permission.READ_EXTERNAL_STORAGE" />
12-->src\main\AndroidManifest.xml:6:5-80
12-->src\main\AndroidManifest.xml:6:22-77
13    <uses-permission android:name="android.permission.ACCESS_NETWORK_STATE" />
13-->[com.google.firebase:firebase-auth:20.0.0] AndroidManifest.xml:24:5-79
13-->[com.google.firebase:firebase-auth:20.0.0] AndroidManifest.xml:24:22-76
14
15    <application
15-->src\main\AndroidManifest.xml:8:5-81:19
16        android:allowBackup="true"
16-->src\main\AndroidManifest.xml:9:9-35
17        android:appComponentFactory="androidx.core.app.CoreComponentFactory"
17-->[androidx.core:core:1.5.0] AndroidManifest.xml:24:18-86
18        android:debuggable="true"
19        android:icon="@mipmap/ic_launcher"
19-->src\main\AndroidManifest.xml:10:9-43
20        android:label="@string/app_name"
20-->src\main\AndroidManifest.xml:11:9-41
21        android:roundIcon="@mipmap/ic_launcher_round"
21-->src\main\AndroidManifest.xml:12:9-54
22        android:supportsRtl="true"
22-->src\main\AndroidManifest.xml:13:9-35
23        android:testOnly="true"
24        android:theme="@style/AppTheme" >
24-->src\main\AndroidManifest.xml:14:9-40
25        <activity
25-->src\main\AndroidManifest.xml:15:9-21:20
26            android:name="com.example.testproject.ui.splashPage"
26-->src\main\AndroidManifest.xml:16:13-42
27            android:exported="false" >
27-->src\main\AndroidManifest.xml:17:13-37
28            <meta-data
28-->src\main\AndroidManifest.xml:18:13-20:36
29                android:name="android.app.lib_name"
29-->src\main\AndroidManifest.xml:19:17-52
30                android:value="" />
30-->src\main\AndroidManifest.xml:20:17-33
31        </activity>
32        <activity
32-->src\main\AndroidManifest.xml:22:9-28:20
33            android:name="com.example.testproject.ui.wlcmPge"
33-->src\main\AndroidManifest.xml:23:13-39
34            android:exported="false" >
34-->src\main\AndroidManifest.xml:24:13-37
35            <meta-data
35-->src\main\AndroidManifest.xml:18:13-20:36
36                android:name="android.app.lib_name"
36-->src\main\AndroidManifest.xml:19:17-52
37                android:value="" />
37-->src\main\AndroidManifest.xml:20:17-33
38        </activity>
39        <activity
39-->src\main\AndroidManifest.xml:29:9-35:20
40            android:name="com.example.testproject.welcomedPage"
40-->src\main\AndroidManifest.xml:30:13-41
41            android:exported="false" >
41-->src\main\AndroidManifest.xml:31:13-37
42            <meta-data
42-->src\main\AndroidManifest.xml:18:13-20:36
43                android:name="android.app.lib_name"
43-->src\main\AndroidManifest.xml:19:17-52
44                android:value="" />
44-->src\main\AndroidManifest.xml:20:17-33
45        </activity>
46        <activity
46-->src\main\AndroidManifest.xml:36:9-42:20
47            android:name="com.example.testproject.ui.testActivity"
47-->src\main\AndroidManifest.xml:37:13-44
48            android:exported="false" >
48-->src\main\AndroidManifest.xml:38:13-37
49            <meta-data
49-->src\main\AndroidManifest.xml:18:13-20:36
50                android:name="android.app.lib_name"
50-->src\main\AndroidManifest.xml:19:17-52
51                android:value="" />
51-->src\main\AndroidManifest.xml:20:17-33
52        </activity>
53        <activity android:name="com.example.testproject.ui.MainPage" >
53-->src\main\AndroidManifest.xml:43:9-49:20
53-->src\main\AndroidManifest.xml:43:19-46
54            <intent-filter>
54-->src\main\AndroidManifest.xml:44:13-48:29
55                <action android:name="android.intent.action.MAIN" />
55-->src\main\AndroidManifest.xml:45:17-69
55-->src\main\AndroidManifest.xml:45:25-66
56
57                <category android:name="android.intent.category.LAUNCHER" />
57-->src\main\AndroidManifest.xml:47:17-77
57-->src\main\AndroidManifest.xml:47:27-74
58            </intent-filter>
59        </activity>
60        <activity
60-->src\main\AndroidManifest.xml:50:9-52:57
61            android:name="com.example.testproject.ui.RegisterPage"
61-->src\main\AndroidManifest.xml:51:13-44
62            android:parentActivityName="com.example.testproject.ui.MainPage" />
62-->src\main\AndroidManifest.xml:52:13-54
63        <activity
63-->src\main\AndroidManifest.xml:53:9-55:57
64            android:name="com.example.testproject.ui.LoginPage"
64-->src\main\AndroidManifest.xml:54:13-41
65            android:parentActivityName="com.example.testproject.ui.MainPage" />
65-->src\main\AndroidManifest.xml:55:13-54
66        <activity
66-->src\main\AndroidManifest.xml:56:9-58:61
67            android:name="com.example.testproject.ui.ClientPage"
67-->src\main\AndroidManifest.xml:57:13-42
68            android:parentActivityName="com.example.testproject.ui.RegisterPage" />
68-->src\main\AndroidManifest.xml:58:13-58
69        <activity
69-->src\main\AndroidManifest.xml:59:9-61:61
70            android:name="com.example.testproject.ui.CookPage"
70-->src\main\AndroidManifest.xml:60:13-40
71            android:parentActivityName="com.example.testproject.ui.RegisterPage" />
71-->src\main\AndroidManifest.xml:61:13-58
72        <activity
72-->src\main\AndroidManifest.xml:63:9-65:58
73            android:name="com.example.testproject.ui.adminPage"
73-->src\main\AndroidManifest.xml:64:13-41
74            android:parentActivityName="com.example.testproject.ui.LoginPage" />
74-->src\main\AndroidManifest.xml:65:13-55
75        <activity
75-->src\main\AndroidManifest.xml:67:9-69:57
76            android:name="com.example.testproject.ui.MainCook"
76-->src\main\AndroidManifest.xml:68:13-40
77            android:parentActivityName="com.example.testproject.ui.MainCook" />
77-->src\main\AndroidManifest.xml:69:13-54
78        <activity
78-->src\main\AndroidManifest.xml:71:9-73:64
79            android:name="com.example.testproject.ui.OfferedCookPage"
79-->src\main\AndroidManifest.xml:72:13-47
80            android:parentActivityName="com.example.testproject.ui.OfferedCookPage" />
80-->src\main\AndroidManifest.xml:73:13-61
81        <activity
81-->src\main\AndroidManifest.xml:74:9-76:57
82            android:name="com.example.testproject.ui.addMeal"
82-->src\main\AndroidManifest.xml:75:13-39
83            android:parentActivityName="com.example.testproject.ui.MainCook" />
83-->src\main\AndroidManifest.xml:76:13-54
84        <activity
84-->src\main\AndroidManifest.xml:77:9-79:59
85            android:name="com.example.testproject.ui.MealSearchDisplay"
85-->src\main\AndroidManifest.xml:78:13-49
86            android:parentActivityName="com.example.testproject.ui.splashPage" />
86-->src\main\AndroidManifest.xml:79:13-56
87        <activity
87-->[com.google.firebase:firebase-auth:20.0.0] AndroidManifest.xml:27:9-34:50
88            android:name="com.google.firebase.auth.internal.FederatedSignInActivity"
88-->[com.google.firebase:firebase-auth:20.0.0] AndroidManifest.xml:28:13-85
89            android:excludeFromRecents="true"
89-->[com.google.firebase:firebase-auth:20.0.0] AndroidManifest.xml:29:13-46
90            android:exported="true"
90-->[com.google.firebase:firebase-auth:20.0.0] AndroidManifest.xml:30:13-36
91            android:launchMode="singleTask"
91-->[com.google.firebase:firebase-auth:20.0.0] AndroidManifest.xml:31:13-44
92            android:permission="com.google.firebase.auth.api.gms.permission.LAUNCH_FEDERATED_SIGN_IN"
92-->[com.google.firebase:firebase-auth:20.0.0] AndroidManifest.xml:32:13-102
93            android:theme="@android:style/Theme.Translucent.NoTitleBar" />
93-->[com.google.firebase:firebase-auth:20.0.0] AndroidManifest.xml:33:13-72
94        <activity
94-->[com.google.firebase:firebase-auth:20.0.0] AndroidManifest.xml:35:9-52:20
95            android:name="com.google.firebase.auth.internal.GenericIdpActivity"
95-->[com.google.firebase:firebase-auth:20.0.0] AndroidManifest.xml:36:13-80
96            android:excludeFromRecents="true"
96-->[com.google.firebase:firebase-auth:20.0.0] AndroidManifest.xml:37:13-46
97            android:exported="true"
97-->[com.google.firebase:firebase-auth:20.0.0] AndroidManifest.xml:38:13-36
98            android:launchMode="singleTask"
98-->[com.google.firebase:firebase-auth:20.0.0] AndroidManifest.xml:39:13-44
99            android:theme="@android:style/Theme.Translucent.NoTitleBar" >
99-->[com.google.firebase:firebase-auth:20.0.0] AndroidManifest.xml:40:13-72
100            <intent-filter>
100-->[com.google.firebase:firebase-auth:20.0.0] AndroidManifest.xml:41:13-51:29
101                <action android:name="android.intent.action.VIEW" />
101-->[com.google.firebase:firebase-auth:20.0.0] AndroidManifest.xml:42:17-69
101-->[com.google.firebase:firebase-auth:20.0.0] AndroidManifest.xml:42:25-66
102
103                <category android:name="android.intent.category.DEFAULT" />
103-->[com.google.firebase:firebase-auth:20.0.0] AndroidManifest.xml:44:17-76
103-->[com.google.firebase:firebase-auth:20.0.0] AndroidManifest.xml:44:27-73
104                <category android:name="android.intent.category.BROWSABLE" />
104-->[com.google.firebase:firebase-auth:20.0.0] AndroidManifest.xml:45:17-78
104-->[com.google.firebase:firebase-auth:20.0.0] AndroidManifest.xml:45:27-75
105
106                <data
106-->[com.google.firebase:firebase-auth:20.0.0] AndroidManifest.xml:47:17-50:51
107                    android:host="firebase.auth"
107-->[com.google.firebase:firebase-auth:20.0.0] AndroidManifest.xml:48:21-49
108                    android:path="/"
108-->[com.google.firebase:firebase-auth:20.0.0] AndroidManifest.xml:49:21-37
109                    android:scheme="genericidp" />
109-->[com.google.firebase:firebase-auth:20.0.0] AndroidManifest.xml:50:21-48
110            </intent-filter>
111        </activity>
112        <activity
112-->[com.google.firebase:firebase-auth:20.0.0] AndroidManifest.xml:53:9-70:20
113            android:name="com.google.firebase.auth.internal.RecaptchaActivity"
113-->[com.google.firebase:firebase-auth:20.0.0] AndroidManifest.xml:54:13-79
114            android:excludeFromRecents="true"
114-->[com.google.firebase:firebase-auth:20.0.0] AndroidManifest.xml:55:13-46
115            android:exported="true"
115-->[com.google.firebase:firebase-auth:20.0.0] AndroidManifest.xml:56:13-36
116            android:launchMode="singleTask"
116-->[com.google.firebase:firebase-auth:20.0.0] AndroidManifest.xml:57:13-44
117            android:theme="@android:style/Theme.Translucent.NoTitleBar" >
117-->[com.google.firebase:firebase-auth:20.0.0] AndroidManifest.xml:58:13-72
118            <intent-filter>
118-->[com.google.firebase:firebase-auth:20.0.0] AndroidManifest.xml:59:13-69:29
119                <action android:name="android.intent.action.VIEW" />
119-->[com.google.firebase:firebase-auth:20.0.0] AndroidManifest.xml:42:17-69
119-->[com.google.firebase:firebase-auth:20.0.0] AndroidManifest.xml:42:25-66
120
121                <category android:name="android.intent.category.DEFAULT" />
121-->[com.google.firebase:firebase-auth:20.0.0] AndroidManifest.xml:44:17-76
121-->[com.google.firebase:firebase-auth:20.0.0] AndroidManifest.xml:44:27-73
122                <category android:name="android.intent.category.BROWSABLE" />
122-->[com.google.firebase:firebase-auth:20.0.0] AndroidManifest.xml:45:17-78
122-->[com.google.firebase:firebase-auth:20.0.0] AndroidManifest.xml:45:27-75
123
124                <data
124-->[com.google.firebase:firebase-auth:20.0.0] AndroidManifest.xml:47:17-50:51
125                    android:host="firebase.auth"
125-->[com.google.firebase:firebase-auth:20.0.0] AndroidManifest.xml:48:21-49
126                    android:path="/"
126-->[com.google.firebase:firebase-auth:20.0.0] AndroidManifest.xml:49:21-37
127                    android:scheme="recaptcha" />
127-->[com.google.firebase:firebase-auth:20.0.0] AndroidManifest.xml:50:21-48
128            </intent-filter>
129        </activity>
130
131        <service
131-->[com.google.firebase:firebase-auth:20.0.0] AndroidManifest.xml:72:9-81:19
132            android:name="com.google.firebase.auth.api.fallback.service.FirebaseAuthFallbackService"
132-->[com.google.firebase:firebase-auth:20.0.0] AndroidManifest.xml:73:13-101
133            android:enabled="true"
133-->[com.google.firebase:firebase-auth:20.0.0] AndroidManifest.xml:74:13-35
134            android:exported="false" >
134-->[com.google.firebase:firebase-auth:20.0.0] AndroidManifest.xml:75:13-37
135            <intent-filter>
135-->[com.google.firebase:firebase-auth:20.0.0] AndroidManifest.xml:76:13-80:29
136                <action android:name="com.google.firebase.auth.api.gms.service.START" />
136-->[com.google.firebase:firebase-auth:20.0.0] AndroidManifest.xml:77:17-89
136-->[com.google.firebase:firebase-auth:20.0.0] AndroidManifest.xml:77:25-86
137
138                <category android:name="android.intent.category.DEFAULT" />
138-->[com.google.firebase:firebase-auth:20.0.0] AndroidManifest.xml:44:17-76
138-->[com.google.firebase:firebase-auth:20.0.0] AndroidManifest.xml:44:27-73
139            </intent-filter>
140        </service>
141        <service
141-->[com.google.firebase:firebase-auth:20.0.0] AndroidManifest.xml:82:9-88:19
142            android:name="com.google.firebase.components.ComponentDiscoveryService"
142-->[com.google.firebase:firebase-auth:20.0.0] AndroidManifest.xml:83:13-84
143            android:directBootAware="true"
143-->[com.google.firebase:firebase-common:19.3.1] AndroidManifest.xml:35:13-43
144            android:exported="false" >
144-->[com.google.firebase:firebase-auth:20.0.0] AndroidManifest.xml:84:13-37
145            <meta-data
145-->[com.google.firebase:firebase-auth:20.0.0] AndroidManifest.xml:85:13-87:85
146                android:name="com.google.firebase.components:com.google.firebase.auth.FirebaseAuthRegistrar"
146-->[com.google.firebase:firebase-auth:20.0.0] AndroidManifest.xml:86:17-109
147                android:value="com.google.firebase.components.ComponentRegistrar" />
147-->[com.google.firebase:firebase-auth:20.0.0] AndroidManifest.xml:87:17-82
148            <meta-data
148-->[com.google.firebase:firebase-database:19.5.1] AndroidManifest.xml:32:13-34:85
149                android:name="com.google.firebase.components:com.google.firebase.database.DatabaseRegistrar"
149-->[com.google.firebase:firebase-database:19.5.1] AndroidManifest.xml:33:17-109
150                android:value="com.google.firebase.components.ComponentRegistrar" />
150-->[com.google.firebase:firebase-database:19.5.1] AndroidManifest.xml:34:17-82
151            <meta-data
151-->[com.google.firebase:firebase-storage:19.2.0] AndroidManifest.xml:33:13-35:85
152                android:name="com.google.firebase.components:com.google.firebase.storage.StorageRegistrar"
152-->[com.google.firebase:firebase-storage:19.2.0] AndroidManifest.xml:34:17-107
153                android:value="com.google.firebase.components.ComponentRegistrar" />
153-->[com.google.firebase:firebase-storage:19.2.0] AndroidManifest.xml:35:17-82
154        </service>
155
156        <activity
156-->[com.google.android.gms:play-services-base:17.1.0] AndroidManifest.xml:23:9-26:75
157            android:name="com.google.android.gms.common.api.GoogleApiActivity"
157-->[com.google.android.gms:play-services-base:17.1.0] AndroidManifest.xml:24:13-79
158            android:exported="false"
158-->[com.google.android.gms:play-services-base:17.1.0] AndroidManifest.xml:25:13-37
159            android:theme="@android:style/Theme.Translucent.NoTitleBar" />
159-->[com.google.android.gms:play-services-base:17.1.0] AndroidManifest.xml:26:13-72
160
161        <provider
161-->[com.google.firebase:firebase-common:19.3.1] AndroidManifest.xml:26:9-31:39
162            android:name="com.google.firebase.provider.FirebaseInitProvider"
162-->[com.google.firebase:firebase-common:19.3.1] AndroidManifest.xml:27:13-77
163            android:authorities="com.example.testproject.firebaseinitprovider"
163-->[com.google.firebase:firebase-common:19.3.1] AndroidManifest.xml:28:13-72
164            android:directBootAware="true"
164-->[com.google.firebase:firebase-common:19.3.1] AndroidManifest.xml:29:13-43
165            android:exported="false"
165-->[com.google.firebase:firebase-common:19.3.1] AndroidManifest.xml:30:13-37
166            android:initOrder="100" />
166-->[com.google.firebase:firebase-common:19.3.1] AndroidManifest.xml:31:13-36
167
168        <meta-data
168-->[com.google.android.gms:play-services-basement:17.1.0] AndroidManifest.xml:23:9-25:69
169            android:name="com.google.android.gms.version"
169-->[com.google.android.gms:play-services-basement:17.1.0] AndroidManifest.xml:24:13-58
170            android:value="@integer/google_play_services_version" />
170-->[com.google.android.gms:play-services-basement:17.1.0] AndroidManifest.xml:25:13-66
171    </application>
172
173</manifest>